C:\USERS\HOUSHANPING\DOCUMENTS\VISUAL STUDIO 2012\PROJECTS\CONSOLEAPPLICATION1\CONSOLEAPPLICATION1\DEBUG\USER.OBJ
C:\USERS\HOUSHANPING\DOCUMENTS\VISUAL STUDIO 2012\PROJECTS\CONSOLEAPPLICATION1\CONSOLEAPPLICATION1\DEBUG\USERMANAGER.OBJ
C:\USERS\HOUSHANPING\DOCUMENTS\VISUAL STUDIO 2012\PROJECTS\CONSOLEAPPLICATION1\CONSOLEAPPLICATION1\DEBUG\VC110.PDB
C:\USERS\HOUSHANPING\DOCUMENTS\VISUAL STUDIO 2012\PROJECTS\CONSOLEAPPLICATION1\CONSOLEAPPLICATION1\DEBUG\THREADSTUDY.OBJ
C:\USERS\HOUSHANPING\DOCUMENTS\VISUAL STUDIO 2012\PROJECTS\CONSOLEAPPLICATION1\CONSOLEAPPLICATION1\DEBUG\THREAD2.OBJ
C:\USERS\HOUSHANPING\DOCUMENTS\VISUAL STUDIO 2012\PROJECTS\CONSOLEAPPLICATION1\DEBUG\CONSOLEAPPLICATION1.ILK
C:\USERS\HOUSHANPING\DOCUMENTS\VISUAL STUDIO 2012\PROJECTS\CONSOLEAPPLICATION1\DEBUG\CONSOLEAPPLICATION1.EXE
C:\USERS\HOUSHANPING\DOCUMENTS\VISUAL STUDIO 2012\PROJECTS\CONSOLEAPPLICATION1\DEBUG\CONSOLEAPPLICATION1.PDB
C:\Users\houshanping\documents\visual studio 2012\Projects\ConsoleApplication1\ConsoleApplication1\Debug\thread2.obj
C:\Users\houshanping\documents\visual studio 2012\Projects\ConsoleApplication1\ConsoleApplication1\Debug\threadStudy.obj
C:\Users\houshanping\documents\visual studio 2012\Projects\ConsoleApplication1\ConsoleApplication1\Debug\user.obj
C:\Users\houshanping\documents\visual studio 2012\Projects\ConsoleApplication1\ConsoleApplication1\Debug\userManager.obj
C:\Users\houshanping\documents\visual studio 2012\Projects\ConsoleApplication1\ConsoleApplication1\Debug\cl.command.1.tlog
C:\Users\houshanping\documents\visual studio 2012\Projects\ConsoleApplication1\ConsoleApplication1\Debug\CL.read.1.tlog
C:\Users\houshanping\documents\visual studio 2012\Projects\ConsoleApplication1\ConsoleApplication1\Debug\CL.write.1.tlog
C:\Users\houshanping\documents\visual studio 2012\Projects\ConsoleApplication1\ConsoleApplication1\Debug\link-cvtres.read.1.tlog
C:\Users\houshanping\documents\visual studio 2012\Projects\ConsoleApplication1\ConsoleApplication1\Debug\link-cvtres.write.1.tlog
C:\Users\houshanping\documents\visual studio 2012\Projects\ConsoleApplication1\ConsoleApplication1\Debug\link-rc.read.1.tlog
C:\Users\houshanping\documents\visual studio 2012\Projects\ConsoleApplication1\ConsoleApplication1\Debug\link-rc.write.1.tlog
C:\Users\houshanping\documents\visual studio 2012\Projects\ConsoleApplication1\ConsoleApplication1\Debug\link.10224-cvtres.read.1.tlog
C:\Users\houshanping\documents\visual studio 2012\Projects\ConsoleApplication1\ConsoleApplication1\Debug\link.10224-cvtres.write.1.tlog
C:\Users\houshanping\documents\visual studio 2012\Projects\ConsoleApplication1\ConsoleApplication1\Debug\link.10224-rc.read.1.tlog
C:\Users\houshanping\documents\visual studio 2012\Projects\ConsoleApplication1\ConsoleApplication1\Debug\link.10224-rc.write.1.tlog
C:\Users\houshanping\documents\visual studio 2012\Projects\ConsoleApplication1\ConsoleApplication1\Debug\link.10224.read.1.tlog
C:\Users\houshanping\documents\visual studio 2012\Projects\ConsoleApplication1\ConsoleApplication1\Debug\link.10224.write.1.tlog
C:\Users\houshanping\documents\visual studio 2012\Projects\ConsoleApplication1\ConsoleApplication1\Debug\link.11332-cvtres.read.1.tlog
C:\Users\houshanping\documents\visual studio 2012\Projects\ConsoleApplication1\ConsoleApplication1\Debug\link.11332-cvtres.write.1.tlog
C:\Users\houshanping\documents\visual studio 2012\Projects\ConsoleApplication1\ConsoleApplication1\Debug\link.11332-rc.read.1.tlog
C:\Users\houshanping\documents\visual studio 2012\Projects\ConsoleApplication1\ConsoleApplication1\Debug\link.11332-rc.write.1.tlog
C:\Users\houshanping\documents\visual studio 2012\Projects\ConsoleApplication1\ConsoleApplication1\Debug\link.11332.read.1.tlog
C:\Users\houshanping\documents\visual studio 2012\Projects\ConsoleApplication1\ConsoleApplication1\Debug\link.11332.write.1.tlog
C:\Users\houshanping\documents\visual studio 2012\Projects\ConsoleApplication1\ConsoleApplication1\Debug\link.2840-cvtres.read.1.tlog
C:\Users\houshanping\documents\visual studio 2012\Projects\ConsoleApplication1\ConsoleApplication1\Debug\link.2840-cvtres.write.1.tlog
C:\Users\houshanping\documents\visual studio 2012\Projects\ConsoleApplication1\ConsoleApplication1\Debug\link.2840-rc.read.1.tlog
C:\Users\houshanping\documents\visual studio 2012\Projects\ConsoleApplication1\ConsoleApplication1\Debug\link.2840-rc.write.1.tlog
C:\Users\houshanping\documents\visual studio 2012\Projects\ConsoleApplication1\ConsoleApplication1\Debug\link.2840.read.1.tlog
C:\Users\houshanping\documents\visual studio 2012\Projects\ConsoleApplication1\ConsoleApplication1\Debug\link.2840.write.1.tlog
C:\Users\houshanping\documents\visual studio 2012\Projects\ConsoleApplication1\ConsoleApplication1\Debug\link.4116-cvtres.read.1.tlog
C:\Users\houshanping\documents\visual studio 2012\Projects\ConsoleApplication1\ConsoleApplication1\Debug\link.4116-cvtres.write.1.tlog
C:\Users\houshanping\documents\visual studio 2012\Projects\ConsoleApplication1\ConsoleApplication1\Debug\link.4116-rc.read.1.tlog
C:\Users\houshanping\documents\visual studio 2012\Projects\ConsoleApplication1\ConsoleApplication1\Debug\link.4116-rc.write.1.tlog
C:\Users\houshanping\documents\visual studio 2012\Projects\ConsoleApplication1\ConsoleApplication1\Debug\link.4116.read.1.tlog
C:\Users\houshanping\documents\visual studio 2012\Projects\ConsoleApplication1\ConsoleApplication1\Debug\link.4116.write.1.tlog
C:\Users\houshanping\documents\visual studio 2012\Projects\ConsoleApplication1\ConsoleApplication1\Debug\link.6196-cvtres.read.1.tlog
C:\Users\houshanping\documents\visual studio 2012\Projects\ConsoleApplication1\ConsoleApplication1\Debug\link.6196-cvtres.write.1.tlog
C:\Users\houshanping\documents\visual studio 2012\Projects\ConsoleApplication1\ConsoleApplication1\Debug\link.6196-rc.read.1.tlog
C:\Users\houshanping\documents\visual studio 2012\Projects\ConsoleApplication1\ConsoleApplication1\Debug\link.6196-rc.write.1.tlog
C:\Users\houshanping\documents\visual studio 2012\Projects\ConsoleApplication1\ConsoleApplication1\Debug\link.6196.read.1.tlog
C:\Users\houshanping\documents\visual studio 2012\Projects\ConsoleApplication1\ConsoleApplication1\Debug\link.6196.write.1.tlog
C:\Users\houshanping\documents\visual studio 2012\Projects\ConsoleApplication1\ConsoleApplication1\Debug\link.7492-cvtres.read.1.tlog
C:\Users\houshanping\documents\visual studio 2012\Projects\ConsoleApplication1\ConsoleApplication1\Debug\link.7492-cvtres.write.1.tlog
C:\Users\houshanping\documents\visual studio 2012\Projects\ConsoleApplication1\ConsoleApplication1\Debug\link.7492-rc.read.1.tlog
C:\Users\houshanping\documents\visual studio 2012\Projects\ConsoleApplication1\ConsoleApplication1\Debug\link.7492-rc.write.1.tlog
C:\Users\houshanping\documents\visual studio 2012\Projects\ConsoleApplication1\ConsoleApplication1\Debug\link.7492.read.1.tlog
C:\Users\houshanping\documents\visual studio 2012\Projects\ConsoleApplication1\ConsoleApplication1\Debug\link.7492.write.1.tlog
C:\Users\houshanping\documents\visual studio 2012\Projects\ConsoleApplication1\ConsoleApplication1\Debug\link.9460-cvtres.read.1.tlog
C:\Users\houshanping\documents\visual studio 2012\Projects\ConsoleApplication1\ConsoleApplication1\Debug\link.9460-cvtres.write.1.tlog
C:\Users\houshanping\documents\visual studio 2012\Projects\ConsoleApplication1\ConsoleApplication1\Debug\link.9460-rc.read.1.tlog
C:\Users\houshanping\documents\visual studio 2012\Projects\ConsoleApplication1\ConsoleApplication1\Debug\link.9460-rc.write.1.tlog
C:\Users\houshanping\documents\visual studio 2012\Projects\ConsoleApplication1\ConsoleApplication1\Debug\link.9460.read.1.tlog
C:\Users\houshanping\documents\visual studio 2012\Projects\ConsoleApplication1\ConsoleApplication1\Debug\link.9460.write.1.tlog
C:\Users\houshanping\documents\visual studio 2012\Projects\ConsoleApplication1\ConsoleApplication1\Debug\link.command.1.tlog
C:\Users\houshanping\documents\visual studio 2012\Projects\ConsoleApplication1\ConsoleApplication1\Debug\link.read.1.tlog
C:\Users\houshanping\documents\visual studio 2012\Projects\ConsoleApplication1\ConsoleApplication1\Debug\link.write.1.tlog
C:\Users\houshanping\documents\visual studio 2012\Projects\ConsoleApplication1\ConsoleApplication1\Debug\vc110.idb
C:\Users\houshanping\documents\visual studio 2012\Projects\ConsoleApplication1\ConsoleApplication1\Debug\vc110.pdb
C:\Users\houshanping\documents\visual studio 2012\Projects\ConsoleApplication1\Debug\ConsoleApplication1.pdb
C:\Users\houshanping\documents\visual studio 2012\Projects\ConsoleApplication1\Debug\ConsoleApplication1.exe
C:\Users\houshanping\documents\visual studio 2012\Projects\ConsoleApplication1\Debug\ConsoleApplication1.ilk
